
*** Running vivado
    with args -log hello_world_hw_wrapper.vds -m64 -product Vivado -mode batch -messageDb vivado.pb -notrace -source hello_world_hw_wrapper.tcl


****** Vivado v2018.3 (64-bit)
  **** SW Build 2405991 on Thu Dec  6 23:36:41 MST 2018
  **** IP Build 2404404 on Fri Dec  7 01:43:56 MST 2018
    ** Copyright 1986-2018 Xilinx, Inc. All Rights Reserved.

source hello_world_hw_wrapper.tcl -notrace
INFO: [IP_Flow 19-234] Refreshing IP repositories
INFO: [IP_Flow 19-1704] No user IP repositories specified
INFO: [IP_Flow 19-2313] Loaded Vivado IP repository '/home/hsk/tools/Vivado/2018.3/data/ip'.
Command: synth_design -top hello_world_hw_wrapper -part xczu9eg-ffvb1156-2-e
Starting synth_design
Attempting to get a license for feature 'Synthesis' and/or device 'xczu9eg'
INFO: [Common 17-349] Got license for feature 'Synthesis' and/or device 'xczu9eg'
INFO: [Common 17-1540] The version limit for your license is '2018.12' and has expired for new software. A version limit expiration means that, although you may be able to continue to use the current version of tools or IP with this license, you will not be eligible for any updates or new releases.
INFO: Launching helper process for spawning children vivado processes
INFO: Helper process launched with PID 29621 
---------------------------------------------------------------------------------
Starting RTL Elaboration : Time (s): cpu = 00:00:01 ; elapsed = 00:00:02 . Memory (MB): peak = 1468.664 ; gain = 76.000 ; free physical = 1389 ; free virtual = 26304
---------------------------------------------------------------------------------
INFO: [Synth 8-6157] synthesizing module 'hello_world_hw_wrapper' [/home/hsk/vivado_tutorial/hello_world/hello_world.srcs/sources_1/bd/hello_world_hw/hdl/hello_world_hw_wrapper.v:12]
INFO: [Synth 8-6157] synthesizing module 'hello_world_hw' [/home/hsk/vivado_tutorial/hello_world/hello_world.srcs/sources_1/bd/hello_world_hw/synth/hello_world_hw.v:13]
WARNING: [Synth 8-4446] all outputs are unconnected for this instance and logic may be removed [/home/hsk/vivado_tutorial/hello_world/hello_world.srcs/sources_1/bd/hello_world_hw/synth/hello_world_hw.v:17]
INFO: [Synth 8-6157] synthesizing module 'hello_world_hw_zynq_ultra_ps_e_0_0' [/home/hsk/vivado_tutorial/hello_world/hello_world.runs/synth_1/.Xil/Vivado-29514-apollon/realtime/hello_world_hw_zynq_ultra_ps_e_0_0_stub.v:6]
INFO: [Synth 8-6155] done synthesizing module 'hello_world_hw_zynq_ultra_ps_e_0_0' (1#1) [/home/hsk/vivado_tutorial/hello_world/hello_world.runs/synth_1/.Xil/Vivado-29514-apollon/realtime/hello_world_hw_zynq_ultra_ps_e_0_0_stub.v:6]
WARNING: [Synth 8-350] instance 'zynq_ultra_ps_e_0' of module 'hello_world_hw_zynq_ultra_ps_e_0_0' requires 3 connections, but only 1 given [/home/hsk/vivado_tutorial/hello_world/hello_world.srcs/sources_1/bd/hello_world_hw/synth/hello_world_hw.v:17]
INFO: [Synth 8-6155] done synthesizing module 'hello_world_hw' (2#1) [/home/hsk/vivado_tutorial/hello_world/hello_world.srcs/sources_1/bd/hello_world_hw/synth/hello_world_hw.v:13]
INFO: [Synth 8-6155] done synthesizing module 'hello_world_hw_wrapper' (3#1) [/home/hsk/vivado_tutorial/hello_world/hello_world.srcs/sources_1/bd/hello_world_hw/hdl/hello_world_hw_wrapper.v:12]
---------------------------------------------------------------------------------
Finished RTL Elaboration : Time (s): cpu = 00:00:02 ; elapsed = 00:00:02 . Memory (MB): peak = 1513.414 ; gain = 120.750 ; free physical = 1400 ; free virtual = 26315
---------------------------------------------------------------------------------

Report Check Netlist: 
+------+------------------+-------+---------+-------+------------------+
|      |Item              |Errors |Warnings |Status |Description       |
+------+------------------+-------+---------+-------+------------------+
|1     |multi_driven_nets |      0|        0|Passed |Multi driven nets |
+------+------------------+-------+---------+-------+------------------+
---------------------------------------------------------------------------------
Start Handling Custom Attributes
---------------------------------------------------------------------------------
---------------------------------------------------------------------------------
Finished Handling Custom Attributes : Time (s): cpu = 00:00:02 ; elapsed = 00:00:02 . Memory (MB): peak = 1513.414 ; gain = 120.750 ; free physical = 1400 ; free virtual = 26315
---------------------------------------------------------------------------------
---------------------------------------------------------------------------------
Finished RTL Optimization Phase 1 : Time (s): cpu = 00:00:02 ; elapsed = 00:00:02 . Memory (MB): peak = 1513.414 ; gain = 120.750 ; free physical = 1400 ; free virtual = 26315
---------------------------------------------------------------------------------
INFO: [Device 21-403] Loading part xczu9eg-ffvb1156-2-e
INFO: [Project 1-570] Preparing netlist for logic optimization

Processing XDC Constraints
Initializing timing engine
Parsing XDC File [/home/hsk/vivado_tutorial/hello_world/hello_world.srcs/sources_1/bd/hello_world_hw/ip/hello_world_hw_zynq_ultra_ps_e_0_0/hello_world_hw_zynq_ultra_ps_e_0_0/hello_world_hw_zynq_ultra_ps_e_0_0_in_context.xdc] for cell 'hello_world_hw_i/zynq_ultra_ps_e_0'
Finished Parsing XDC File [/home/hsk/vivado_tutorial/hello_world/hello_world.srcs/sources_1/bd/hello_world_hw/ip/hello_world_hw_zynq_ultra_ps_e_0_0/hello_world_hw_zynq_ultra_ps_e_0_0/hello_world_hw_zynq_ultra_ps_e_0_0_in_context.xdc] for cell 'hello_world_hw_i/zynq_ultra_ps_e_0'
Parsing XDC File [/home/hsk/vivado_tutorial/hello_world/hello_world.runs/synth_1/dont_touch.xdc]
Finished Parsing XDC File [/home/hsk/vivado_tutorial/hello_world/hello_world.runs/synth_1/dont_touch.xdc]
Completed Processing XDC Constraints

Netlist sorting complete. Time (s): cpu = 00:00:00 ; elapsed = 00:00:00 . Memory (MB): peak = 2493.133 ; gain = 0.000 ; free physical = 686 ; free virtual = 25601
INFO: [Project 1-111] Unisim Transformation Summary:
No Unisim elements were transformed.

Netlist sorting complete. Time (s): cpu = 00:00:00 ; elapsed = 00:00:00 . Memory (MB): peak = 2493.133 ; gain = 0.000 ; free physical = 686 ; free virtual = 25601
Constraint Validation Runtime : Time (s): cpu = 00:00:00 ; elapsed = 00:00:00 . Memory (MB): peak = 2493.133 ; gain = 0.000 ; free physical = 686 ; free virtual = 25601
---------------------------------------------------------------------------------
Finished Constraint Validation : Time (s): cpu = 00:00:13 ; elapsed = 00:00:21 . Memory (MB): peak = 2493.133 ; gain = 1100.469 ; free physical = 740 ; free virtual = 25656
---------------------------------------------------------------------------------
---------------------------------------------------------------------------------
Start Loading Part and Timing Information
---------------------------------------------------------------------------------
Loading part: xczu9eg-ffvb1156-2-e
INFO: [Synth 8-6742] Reading net delay rules and data
---------------------------------------------------------------------------------
Finished Loading Part and Timing Information : Time (s): cpu = 00:00:13 ; elapsed = 00:00:21 . Memory (MB): peak = 2493.133 ; gain = 1100.469 ; free physical = 740 ; free virtual = 25656
---------------------------------------------------------------------------------
---------------------------------------------------------------------------------
Start Applying 'set_property' XDC Constraints
---------------------------------------------------------------------------------
Applied set_property DONT_TOUCH = true for hello_world_hw_i. (constraint file  auto generated constraint, line ).
Applied set_property DONT_TOUCH = true for hello_world_hw_i/zynq_ultra_ps_e_0. (constraint file  auto generated constraint, line ).
---------------------------------------------------------------------------------
Finished applying 'set_property' XDC Constraints : Time (s): cpu = 00:00:13 ; elapsed = 00:00:21 . Memory (MB): peak = 2493.133 ; gain = 1100.469 ; free physical = 740 ; free virtual = 25656
---------------------------------------------------------------------------------
---------------------------------------------------------------------------------
Finished RTL Optimization Phase 2 : Time (s): cpu = 00:00:13 ; elapsed = 00:00:22 . Memory (MB): peak = 2493.133 ; gain = 1100.469 ; free physical = 740 ; free virtual = 25655
---------------------------------------------------------------------------------

Report RTL Partitions: 
+-+--------------+------------+----------+
| |RTL Partition |Replication |Instances |
+-+--------------+------------+----------+
+-+--------------+------------+----------+
---------------------------------------------------------------------------------
Start RTL Component Statistics 
---------------------------------------------------------------------------------
Detailed RTL Component Info : 
---------------------------------------------------------------------------------
Finished RTL Component Statistics 
---------------------------------------------------------------------------------
---------------------------------------------------------------------------------
Start RTL Hierarchical Component Statistics 
---------------------------------------------------------------------------------
Hierarchical RTL Component report 
---------------------------------------------------------------------------------
Finished RTL Hierarchical Component Statistics
---------------------------------------------------------------------------------
---------------------------------------------------------------------------------
Start Part Resource Summary
---------------------------------------------------------------------------------
Part Resources:
DSPs: 2520 (col length:168)
BRAMs: 1824 (col length: RAMB18 168 RAMB36 84)
---------------------------------------------------------------------------------
Finished Part Resource Summary
---------------------------------------------------------------------------------
---------------------------------------------------------------------------------
Start Cross Boundary and Area Optimization
---------------------------------------------------------------------------------
Warning: Parallel synthesis criteria is not met 
---------------------------------------------------------------------------------
Finished Cross Boundary and Area Optimization : Time (s): cpu = 00:00:14 ; elapsed = 00:00:22 . Memory (MB): peak = 2493.133 ; gain = 1100.469 ; free physical = 728 ; free virtual = 25645
---------------------------------------------------------------------------------

Report RTL Partitions: 
+-+--------------+------------+----------+
| |RTL Partition |Replication |Instances |
+-+--------------+------------+----------+
+-+--------------+------------+----------+
---------------------------------------------------------------------------------
Start Applying XDC Timing Constraints
---------------------------------------------------------------------------------
INFO: [Synth 8-5578] Moved timing constraint from pin 'hello_world_hw_i/zynq_ultra_ps_e_0/pl_clk0' to pin 'hello_world_hw_i/zynq_ultra_ps_e_0/bbstub_pl_clk0/O'
INFO: [Synth 8-5819] Moved 1 constraints on hierarchical pins to their respective driving/loading pins
---------------------------------------------------------------------------------
Finished Applying XDC Timing Constraints : Time (s): cpu = 00:00:33 ; elapsed = 00:00:56 . Memory (MB): peak = 2719.797 ; gain = 1327.133 ; free physical = 169 ; free virtual = 25086
---------------------------------------------------------------------------------
---------------------------------------------------------------------------------
Start Timing Optimization
---------------------------------------------------------------------------------
---------------------------------------------------------------------------------
Finished Timing Optimization : Time (s): cpu = 00:00:33 ; elapsed = 00:00:56 . Memory (MB): peak = 2719.797 ; gain = 1327.133 ; free physical = 169 ; free virtual = 25086
---------------------------------------------------------------------------------

Report RTL Partitions: 
+-+--------------+------------+----------+
| |RTL Partition |Replication |Instances |
+-+--------------+------------+----------+
+-+--------------+------------+----------+
---------------------------------------------------------------------------------
Start Technology Mapping
---------------------------------------------------------------------------------
---------------------------------------------------------------------------------
Finished Technology Mapping : Time (s): cpu = 00:00:33 ; elapsed = 00:00:56 . Memory (MB): peak = 2728.812 ; gain = 1336.148 ; free physical = 168 ; free virtual = 25085
---------------------------------------------------------------------------------

Report RTL Partitions: 
+-+--------------+------------+----------+
| |RTL Partition |Replication |Instances |
+-+--------------+------------+----------+
+-+--------------+------------+----------+
---------------------------------------------------------------------------------
Start IO Insertion
---------------------------------------------------------------------------------
---------------------------------------------------------------------------------
Start Flattening Before IO Insertion
---------------------------------------------------------------------------------
---------------------------------------------------------------------------------
Finished Flattening Before IO Insertion
---------------------------------------------------------------------------------
---------------------------------------------------------------------------------
Start Final Netlist Cleanup
---------------------------------------------------------------------------------
---------------------------------------------------------------------------------
Finished Final Netlist Cleanup
---------------------------------------------------------------------------------
---------------------------------------------------------------------------------
Finished IO Insertion : Time (s): cpu = 00:00:33 ; elapsed = 00:00:57 . Memory (MB): peak = 2728.812 ; gain = 1336.148 ; free physical = 168 ; free virtual = 25085
---------------------------------------------------------------------------------

Report Check Netlist: 
+------+------------------+-------+---------+-------+------------------+
|      |Item              |Errors |Warnings |Status |Description       |
+------+------------------+-------+---------+-------+------------------+
|1     |multi_driven_nets |      0|        0|Passed |Multi driven nets |
+------+------------------+-------+---------+-------+------------------+
---------------------------------------------------------------------------------
Start Renaming Generated Instances
---------------------------------------------------------------------------------
---------------------------------------------------------------------------------
Finished Renaming Generated Instances : Time (s): cpu = 00:00:33 ; elapsed = 00:00:57 . Memory (MB): peak = 2728.812 ; gain = 1336.148 ; free physical = 168 ; free virtual = 25085
---------------------------------------------------------------------------------

Report RTL Partitions: 
+-+--------------+------------+----------+
| |RTL Partition |Replication |Instances |
+-+--------------+------------+----------+
+-+--------------+------------+----------+
---------------------------------------------------------------------------------
Start Rebuilding User Hierarchy
---------------------------------------------------------------------------------
---------------------------------------------------------------------------------
Finished Rebuilding User Hierarchy : Time (s): cpu = 00:00:33 ; elapsed = 00:00:57 . Memory (MB): peak = 2728.812 ; gain = 1336.148 ; free physical = 168 ; free virtual = 25085
---------------------------------------------------------------------------------
---------------------------------------------------------------------------------
Start Renaming Generated Ports
---------------------------------------------------------------------------------
---------------------------------------------------------------------------------
Finished Renaming Generated Ports : Time (s): cpu = 00:00:33 ; elapsed = 00:00:57 . Memory (MB): peak = 2728.812 ; gain = 1336.148 ; free physical = 168 ; free virtual = 25085
---------------------------------------------------------------------------------
---------------------------------------------------------------------------------
Start Handling Custom Attributes
---------------------------------------------------------------------------------
---------------------------------------------------------------------------------
Finished Handling Custom Attributes : Time (s): cpu = 00:00:33 ; elapsed = 00:00:57 . Memory (MB): peak = 2728.812 ; gain = 1336.148 ; free physical = 168 ; free virtual = 25085
---------------------------------------------------------------------------------
---------------------------------------------------------------------------------
Start Renaming Generated Nets
---------------------------------------------------------------------------------
---------------------------------------------------------------------------------
Finished Renaming Generated Nets : Time (s): cpu = 00:00:33 ; elapsed = 00:00:57 . Memory (MB): peak = 2728.812 ; gain = 1336.148 ; free physical = 168 ; free virtual = 25085
---------------------------------------------------------------------------------
---------------------------------------------------------------------------------
Start Writing Synthesis Report
---------------------------------------------------------------------------------

Report BlackBoxes: 
+------+-----------------------------------+----------+
|      |BlackBox name                      |Instances |
+------+-----------------------------------+----------+
|1     |hello_world_hw_zynq_ultra_ps_e_0_0 |         1|
+------+-----------------------------------+----------+

Report Cell Usage: 
+------+-----------------------------------+------+
|      |Cell                               |Count |
+------+-----------------------------------+------+
|1     |hello_world_hw_zynq_ultra_ps_e_0_0 |     1|
+------+-----------------------------------+------+

Report Instance Areas: 
+------+-------------------+---------------+------+
|      |Instance           |Module         |Cells |
+------+-------------------+---------------+------+
|1     |top                |               |     2|
|2     |  hello_world_hw_i |hello_world_hw |     2|
+------+-------------------+---------------+------+
---------------------------------------------------------------------------------
Finished Writing Synthesis Report : Time (s): cpu = 00:00:33 ; elapsed = 00:00:57 . Memory (MB): peak = 2728.812 ; gain = 1336.148 ; free physical = 168 ; free virtual = 25085
---------------------------------------------------------------------------------
Synthesis finished with 0 errors, 0 critical warnings and 0 warnings.
Synthesis Optimization Runtime : Time (s): cpu = 00:00:23 ; elapsed = 00:00:40 . Memory (MB): peak = 2728.812 ; gain = 356.430 ; free physical = 207 ; free virtual = 25124
Synthesis Optimization Complete : Time (s): cpu = 00:00:33 ; elapsed = 00:00:57 . Memory (MB): peak = 2728.820 ; gain = 1336.148 ; free physical = 207 ; free virtual = 25124
INFO: [Project 1-571] Translating synthesized netlist
INFO: [Project 1-570] Preparing netlist for logic optimization
INFO: [Opt 31-138] Pushed 0 inverter(s) to 0 load pin(s).
Netlist sorting complete. Time (s): cpu = 00:00:00 ; elapsed = 00:00:00 . Memory (MB): peak = 2768.445 ; gain = 0.000 ; free physical = 324 ; free virtual = 25057
INFO: [Project 1-111] Unisim Transformation Summary:
No Unisim elements were transformed.

INFO: [Common 17-83] Releasing license: Synthesis
22 Infos, 2 Warnings, 0 Critical Warnings and 0 Errors encountered.
synth_design completed successfully
synth_design: Time (s): cpu = 00:00:35 ; elapsed = 00:00:58 . Memory (MB): peak = 2780.445 ; gain = 1407.656 ; free physical = 1116 ; free virtual = 25849
Netlist sorting complete. Time (s): cpu = 00:00:00 ; elapsed = 00:00:00 . Memory (MB): peak = 2780.445 ; gain = 0.000 ; free physical = 1116 ; free virtual = 25849
WARNING: [Constraints 18-5210] No constraints selected for write.
Resolution: This message can indicate that there are no constraints for the design, or it can indicate that the used_in flags are set such that the constraints are ignored. This later case is used when running synth_design to not write synthesis constraints to the resulting checkpoint. Instead, project constraints are read when the synthesized design is opened.
INFO: [Common 17-1381] The checkpoint '/home/hsk/vivado_tutorial/hello_world/hello_world.runs/synth_1/hello_world_hw_wrapper.dcp' has been generated.
INFO: [runtcl-4] Executing : report_utilization -file hello_world_hw_wrapper_utilization_synth.rpt -pb hello_world_hw_wrapper_utilization_synth.pb
INFO: [Common 17-206] Exiting Vivado at Mon Mar 27 13:22:20 2023...
