#-----------------------------------------------------------
# Webtalk v2018.3 (64-bit)
# SW Build 2405991 on Thu Dec  6 23:36:41 MST 2018
# 
# Start of session at: Thu Mar 23 19:22:44 2023
# Process ID: 21163
# Current directory: /home/hsk/vivado_tutorial/hello_world/hello_world.sdk/webtalk
# Command line: wbtcv -mode batch -source sdk_webtalk.tcl
# Log file: /home/hsk/vivado_tutorial/hello_world/hello_world.sdk/webtalk/webtalk.log
# Journal file: /home/hsk/vivado_tutorial/hello_world/hello_world.sdk/webtalk/webtalk.jou
#-----------------------------------------------------------
source sdk_webtalk.tcl
# webtalk_init -webtalk_dir /home/hsk/vivado_tutorial/hello_world/hello_world.sdk/webtalk
# webtalk_register_client -client project
# webtalk_add_data -client project -key date_generated -value "2023-03-23 19:22:43" -context "software_version_and_target_device"
# webtalk_add_data -client project -key product_version -value "SDK v2018.3" -context "software_version_and_target_device"
# webtalk_add_data -client project -key build_version -value "2018.3" -context "software_version_and_target_device"
# webtalk_add_data -client project -key os_platform -value "amd64" -context "software_version_and_target_device"
# webtalk_add_data -client project -key registration_id -value "211443795_1777530611_210670906_726" -context "software_version_and_target_device"
# webtalk_add_data -client project -key tool_flow -value "SDK" -context "software_version_and_target_device"
# webtalk_add_data -client project -key beta -value "false" -context "software_version_and_target_device"
# webtalk_add_data -client project -key route_design -value "NA" -context "software_version_and_target_device"
# webtalk_add_data -client project -key target_family -value "NA" -context "software_version_and_target_device"
# webtalk_add_data -client project -key target_device -value "NA" -context "software_version_and_target_device"
# webtalk_add_data -client project -key target_package -value "NA" -context "software_version_and_target_device"
# webtalk_add_data -client project -key target_speed -value "NA" -context "software_version_and_target_device"
# webtalk_add_data -client project -key random_id -value "qq1l8bdn7uc7n7bsq0b185hmuo" -context "software_version_and_target_device"
# webtalk_add_data -client project -key project_id -value "2018.3_2" -context "software_version_and_target_device"
# webtalk_add_data -client project -key project_iteration -value "2" -context "software_version_and_target_device"
# webtalk_add_data -client project -key os_name -value "Ubuntu" -context "user_environment"
# webtalk_add_data -client project -key os_release -value "Ubuntu 16.04.7 LTS" -context "user_environment"
# webtalk_add_data -client project -key cpu_name -value "Intel(R) Xeon(R) CPU E3-1270 v5 @ 3.60GHz" -context "user_environment"
# webtalk_add_data -client project -key cpu_speed -value "3185.891 MHz" -context "user_environment"
# webtalk_add_data -client project -key total_processors -value "1" -context "user_environment"
# webtalk_add_data -client project -key system_ram -value "16.510 GB" -context "user_environment"
# webtalk_register_client -client sdk
# webtalk_add_data -client sdk -key uid -value "1679565981000" -context "sdk\\\\bsp/1679565981000"
# webtalk_add_data -client sdk -key hwid -value "1679303331000" -context "sdk\\\\bsp/1679565981000"
# webtalk_add_data -client sdk -key os -value "standalone" -context "sdk\\\\bsp/1679565981000"
# webtalk_add_data -client sdk -key apptemplate -value "hello_world" -context "sdk\\\\bsp/1679565981000"
# webtalk_add_data -client sdk -key RecordType -value "BSPCreation" -context "sdk\\\\bsp/1679565981000"
# webtalk_add_data -client sdk -key uid -value "1679565983000" -context "sdk\\\\application/1679565983000"
# webtalk_add_data -client sdk -key hwid -value "1679303331000" -context "sdk\\\\application/1679565983000"
# webtalk_add_data -client sdk -key bspid -value "1679565981000" -context "sdk\\\\application/1679565983000"
# webtalk_add_data -client sdk -key newbsp -value "true" -context "sdk\\\\application/1679565983000"
# webtalk_add_data -client sdk -key os -value "standalone" -context "sdk\\\\application/1679565983000"
# webtalk_add_data -client sdk -key apptemplate -value "hello_world" -context "sdk\\\\application/1679565983000"
# webtalk_add_data -client sdk -key RecordType -value "APPCreation" -context "sdk\\\\application/1679565983000"
# webtalk_add_data -client sdk -key LangUsed -value "C" -context "sdk\\\\application/1679565983000"
# webtalk_add_data -client sdk -key Procused -value "psu_cortexa53" -context "sdk\\\\application/1679565983000"
# webtalk_add_data -client sdk -key uid -value "NA" -context "sdk\\\\bsp/1679566963581"
# webtalk_add_data -client sdk -key RecordType -value "ToolUsage" -context "sdk\\\\bsp/1679566963581"
# webtalk_add_data -client sdk -key BootgenCount -value "0" -context "sdk\\\\bsp/1679566963581"
# webtalk_add_data -client sdk -key DebugCount -value "3" -context "sdk\\\\bsp/1679566963581"
# webtalk_add_data -client sdk -key PerfCount -value "0" -context "sdk\\\\bsp/1679566963581"
# webtalk_add_data -client sdk -key FlashCount -value "0" -context "sdk\\\\bsp/1679566963581"
# webtalk_add_data -client sdk -key CrossTriggCount -value "0" -context "sdk\\\\bsp/1679566963581"
# webtalk_add_data -client sdk -key QemuDebugCount -value "0" -context "sdk\\\\bsp/1679566963581"
# webtalk_transmit -clientid 1556498728 -regid "211443795_1777530611_210670906_726" -xml /home/hsk/vivado_tutorial/hello_world/hello_world.sdk/webtalk/usage_statistics_ext_sdk.xml -html /home/hsk/vivado_tutorial/hello_world/hello_world.sdk/webtalk/usage_statistics_ext_sdk.html -wdm /home/hsk/vivado_tutorial/hello_world/hello_world.sdk/webtalk/sdk_webtalk.wdm -intro "<H3>SDK Usage Report</H3><BR>"
# webtalk_terminate
INFO: [Common 17-206] Exiting Webtalk at Thu Mar 23 19:22:44 2023...
